0
0
0.015625
0
0.015625
0
0.015625
0
0.015625
0
0.015625
0
0
0.015625
0
0.015625
0
0.015625
0
0.015625
0
0
0.015625
0
0.015625
0
0
0.015625
0
0.015625
0
0.015625
0
0
0.015625
0
0.015625
0
0.015625
0
0
0.015625
0
0.015625
0
0
0.015625
0
0.015625
0
0
0.015625
0
0.015625
0
0.015625
0
0
0.015625
0
0.015625
0
0
0.015625
0
0.015625
0
0.015625
0
0
0.015625
0
0.015625
0
0
0.015625
0
0.015625
0
0
0.015625
0
0.015625
0
0
0.015625
0
0.015625
0
0
0.015625
0
0.015625
0
0
0.015625
0
0.015625
0
0
0.015625
0
0.015625
0
0.015625
0
0
0.015625
0
0.015625
0
0
0.015625
0
0.015625
0
0
0.015625
0
0.015625
0
0
0.015625
0
0.015625
0
0
0.015625
0
0.015625
0
0
0.015625
0
0.015625
0
0.015625
0
0
0.015625
0.171875
0.25
0.546875
1.125
1.21875
1.79688
2.4375
2.625
2.51562
2.59375
2.40625
2.39062
2.73438
2.60938
1.875
1.71875
1.64062
1.67188
1.95312
1.875
1.82812
1.98438
1.875
1.79688
2.29688
2.20312
2.59375
3.51562
3.89062
3.65625
3.60938
2.76562
2.45312
2.70312
2.73438
2.26562
2.09375
2.375
2.40625
2.75
2.82812
2.35938
2.20312
1.9375
1.78125
2.04688
1.90625
1.73438
2.07812
1.92188
1.98438
1.71875
2.10938
2.60938
1.95312
1.78125
1.90625
1.90625
1.85938
1.6875
1.89062
1.89062
1.79688
1.53125
1.45312
1.6875
1.75
1.67188
1.6875
1.29688
1.4375
1.57812
1.53125
1.65625
1.40625
1.42188
1.46875
1.17188
1.28125
1.23438
1.20312
1.375
1.17188
0.921875
0.875
0.875
1.04688
0.9375
0.96875
1.03125
0.671875
0.671875
0.71875
0.625
0.5
0.5
0.515625
0.328125
0.3125
0.34375
0.296875
0.140625
0.140625
0.046875
0.0625
0.03125
0.046875
0.03125
0.015625
0.015625
0.015625
0.015625
0.015625
0.015625
0.015625
0.015625
